<?xml version="1.0" encoding="UTF-8"?>
<!-- Generated by org.testng.reporters.JUnitXMLReporter -->
<testsuite hostname="LAPTOP-29E7URT6" ignored="0" name="Default test" tests="3" failures="0" timestamp="08 Aug 2021 05:48:43 GMT" time="101.849" errors="0">
  <testcase name="loginToMyStore" time="10.206" classname="co.in.bymat.projectName.ModuleName.testCases.LoginToMyStore"/>
  <testcase name="loginToMyStore" time="9.837" classname="co.in.bymat.projectName.ModuleName.testCases.LoginToMyStore"/>
  <testcase name="loginToMyStore" time="10.934" classname="co.in.bymat.projectName.ModuleName.testCases.LoginToMyStore"/>
</testsuite> <!-- Default test -->
