<?xml version="1.0" encoding="UTF-8"?>
<!-- Generated by org.testng.reporters.JUnitXMLReporter -->
<testsuite hostname="LAPTOP-29E7URT6" ignored="10" name="XYZ-functionality" tests="6" failures="1" timestamp="29 Aug 2021 09:30:09 GMT" time="81.946" errors="0">
  <testcase name="@BeforeClass testCaseName" time="0.0" classname="co.in.bymat.projectName.ModuleName.testCases.LoginToMyStore2">
    <skipped/>
  </testcase> <!-- @BeforeClass testCaseName -->
  <testcase name="@BeforeClass testCaseName" time="0.002" classname="co.in.bymat.projectName.ModuleName.testCases.LoginToMyStore4">
    <skipped/>
  </testcase> <!-- @BeforeClass testCaseName -->
  <testcase name="@BeforeClass testCaseName" time="0.0" classname="co.in.bymat.projectName.ModuleName.testCases.LoginToMyStore6">
    <skipped/>
  </testcase> <!-- @BeforeClass testCaseName -->
  <testcase name="loginToMyStore" time="22.98" classname="co.in.bymat.projectName.ModuleName.testCases.LoginToMyStore"/>
  <testcase name="loginToMyStore2" time="0.0" classname="co.in.bymat.projectName.ModuleName.testCases.LoginToMyStore2">
    <skipped/>
  </testcase> <!-- loginToMyStore2 -->
  <testcase name="loginToMyStore3" time="25.339" classname="co.in.bymat.projectName.ModuleName.testCases.LoginToMyStore3"/>
  <testcase name="loginToMyStore4" time="0.0" classname="co.in.bymat.projectName.ModuleName.testCases.LoginToMyStore4">
    <skipped/>
  </testcase> <!-- loginToMyStore4 -->
  <testcase name="loginToMyStore5" time="14.614" classname="co.in.bymat.projectName.ModuleName.testCases.LoginToMyStore5">
    <failure type="java.lang.AssertionError" message="expected [My St] but found [My Store]">
      <![CDATA[java.lang.AssertionError: expected [My St] but found [My Store]
at co.in.bymat.projectName.ModuleName.pages.HomePage.createAnAccount(HomePage.java:16)
at co.in.bymat.projectName.ModuleName.testCases.LoginToMyStore5.loginToMyStore5(LoginToMyStore5.java:33)
... Removed 31 stack frames]]>
    </failure>
  </testcase> <!-- loginToMyStore5 -->
  <testcase name="loginToMyStore6" time="0.0" classname="co.in.bymat.projectName.ModuleName.testCases.LoginToMyStore6">
    <skipped/>
  </testcase> <!-- loginToMyStore6 -->
  <testcase name="@BeforeSuite initialization" time="0.0" classname="co.in.bymat.projectName.ModuleName.testBase.TestBase_B9">
    <ignored/>
  </testcase> <!-- @BeforeSuite initialization -->
  <testcase name="@BeforeSuite initialization" time="0.0" classname="co.in.bymat.projectName.ModuleName.testBase.TestBase_B9">
    <ignored/>
  </testcase> <!-- @BeforeSuite initialization -->
  <testcase name="@BeforeSuite initialization" time="0.0" classname="co.in.bymat.projectName.ModuleName.testBase.TestBase_B9">
    <ignored/>
  </testcase> <!-- @BeforeSuite initialization -->
  <testcase name="@BeforeSuite initialization" time="0.0" classname="co.in.bymat.projectName.ModuleName.testBase.TestBase_B9">
    <ignored/>
  </testcase> <!-- @BeforeSuite initialization -->
  <testcase name="@BeforeSuite initialization" time="0.0" classname="co.in.bymat.projectName.ModuleName.testBase.TestBase_B9">
    <ignored/>
  </testcase> <!-- @BeforeSuite initialization -->
  <testcase name="@AfterSuite endReport" time="0.0" classname="co.in.bymat.projectName.ModuleName.testBase.TestBase_B9">
    <ignored/>
  </testcase> <!-- @AfterSuite endReport -->
  <testcase name="@AfterSuite endReport" time="0.0" classname="co.in.bymat.projectName.ModuleName.testBase.TestBase_B9">
    <ignored/>
  </testcase> <!-- @AfterSuite endReport -->
  <testcase name="@AfterSuite endReport" time="0.0" classname="co.in.bymat.projectName.ModuleName.testBase.TestBase_B9">
    <ignored/>
  </testcase> <!-- @AfterSuite endReport -->
  <testcase name="@AfterSuite endReport" time="0.0" classname="co.in.bymat.projectName.ModuleName.testBase.TestBase_B9">
    <ignored/>
  </testcase> <!-- @AfterSuite endReport -->
  <testcase name="@AfterSuite endReport" time="0.0" classname="co.in.bymat.projectName.ModuleName.testBase.TestBase_B9">
    <ignored/>
  </testcase> <!-- @AfterSuite endReport -->
</testsuite> <!-- XYZ-functionality -->
