<?xml version="1.0" encoding="UTF-8"?>
<testng-results skipped="0" failed="2" ignored="10" total="16" passed="4">
  <reporter-output>
  </reporter-output>
  <suite name="Regression" duration-ms="175657" started-at="2021-08-15T05:03:57Z" finished-at="2021-08-15T05:06:53Z">
    <groups>
    </groups>
    <test name="XYZ-functionality" duration-ms="175657" started-at="2021-08-15T05:03:57Z" finished-at="2021-08-15T05:06:53Z">
      <class name="co.in.bymat.projectName.ModuleName.testCases.LoginToMyStore2">
        <test-method status="PASS" signature="testCaseName()[pri:0, instance:co.in.bymat.projectName.ModuleName.testCases.LoginToMyStore2@589838eb]" name="testCaseName" is-config="true" duration-ms="1" started-at="2021-08-15T05:04:30Z" finished-at="2021-08-15T05:04:30Z">
          <reporter-output>
          </reporter-output>
        </test-method> <!-- testCaseName -->
        <test-method status="PASS" signature="loginToMyStore2(java.util.Hashtable)[pri:0, instance:co.in.bymat.projectName.ModuleName.testCases.LoginToMyStore2@589838eb]" name="loginToMyStore2" duration-ms="26089" started-at="2021-08-15T05:04:30Z" data-provider="data_Collection" finished-at="2021-08-15T05:04:57Z">
          <params>
            <param index="0">
              <value>
                <![CDATA[{Name=Lipika, Page_Title=My Store, Email_ID=Lipika@gmail.com, Sr.No=1, Page_Text=CREATE AN ACCOUNT, City=Odisa, ContactNo=1234567893}]]>
              </value>
            </param>
          </params>
          <reporter-output>
          </reporter-output>
        </test-method> <!-- loginToMyStore2 -->
      </class> <!-- co.in.bymat.projectName.ModuleName.testCases.LoginToMyStore2 -->
      <class name="co.in.bymat.projectName.ModuleName.testCases.LoginToMyStore4">
        <test-method status="PASS" signature="testCaseName()[pri:0, instance:co.in.bymat.projectName.ModuleName.testCases.LoginToMyStore4@6500df86]" name="testCaseName" is-config="true" duration-ms="0" started-at="2021-08-15T05:05:34Z" finished-at="2021-08-15T05:05:34Z">
          <reporter-output>
          </reporter-output>
        </test-method> <!-- testCaseName -->
        <test-method status="FAIL" signature="loginToMyStore4(java.util.Hashtable)[pri:0, instance:co.in.bymat.projectName.ModuleName.testCases.LoginToMyStore4@6500df86]" name="loginToMyStore4" duration-ms="21207" started-at="2021-08-15T05:05:34Z" data-provider="data_Collection" finished-at="2021-08-15T05:05:55Z">
          <params>
            <param index="0">
              <value>
                <![CDATA[{Name=Madar, Page_Title=My Store, Email_ID=Mandar@gmail.com, Sr.No=1, Page_Text=CREATE AN ACCOUNT, City=Pune, ContactNo=1234567893}]]>
              </value>
            </param>
          </params>
          <exception class="java.lang.IllegalArgumentException">
            <message>
              <![CDATA[Cannot find elements when the XPath is null.]]>
            </message>
            <full-stacktrace>
              <![CDATA[java.lang.IllegalArgumentException: Cannot find elements when the XPath is null.
at org.openqa.selenium.By$ByXPath.<init>(By.java:339)
at org.openqa.selenium.By.xpath(By.java:92)
at co.in.bymat.projectName.ModuleName.utility.CommonMethods.getText(CommonMethods.java:41)
at co.in.bymat.projectName.ModuleName.testCases.LoginToMyStore4.loginToMyStore4(LoginToMyStore4.java:32)
at sun.reflect.NativeMethodAccessorImpl.invoke0(Native Method)
at sun.reflect.NativeMethodAccessorImpl.invoke(Unknown Source)
at sun.reflect.DelegatingMethodAccessorImpl.invoke(Unknown Source)
at java.lang.reflect.Method.invoke(Unknown Source)
at org.testng.internal.MethodInvocationHelper.invokeMethod(MethodInvocationHelper.java:124)
at org.testng.internal.Invoker.invokeMethod(Invoker.java:583)
at org.testng.internal.Invoker.invokeTestMethod(Invoker.java:719)
at org.testng.internal.Invoker.invokeTestMethods(Invoker.java:989)
at org.testng.internal.TestMethodWorker.invokeTestMethods(TestMethodWorker.java:125)
at org.testng.internal.TestMethodWorker.run(TestMethodWorker.java:109)
at org.testng.TestRunner.privateRun(TestRunner.java:648)
at org.testng.TestRunner.run(TestRunner.java:505)
at org.testng.SuiteRunner.runTest(SuiteRunner.java:455)
at org.testng.SuiteRunner.runSequentially(SuiteRunner.java:450)
at org.testng.SuiteRunner.privateRun(SuiteRunner.java:415)
at org.testng.SuiteRunner.run(SuiteRunner.java:364)
at org.testng.SuiteRunnerWorker.runSuite(SuiteRunnerWorker.java:52)
at org.testng.SuiteRunnerWorker.run(SuiteRunnerWorker.java:84)
at org.testng.TestNG.runSuitesSequentially(TestNG.java:1208)
at org.testng.TestNG.runSuitesLocally(TestNG.java:1137)
at org.testng.TestNG.runSuites(TestNG.java:1049)
at org.testng.TestNG.run(TestNG.java:1017)
at org.testng.remote.AbstractRemoteTestNG.run(AbstractRemoteTestNG.java:115)
at org.testng.remote.RemoteTestNG.initAndRun(RemoteTestNG.java:251)
at org.testng.remote.RemoteTestNG.main(RemoteTestNG.java:77)
]]>
            </full-stacktrace>
          </exception> <!-- java.lang.IllegalArgumentException -->
          <reporter-output>
          </reporter-output>
        </test-method> <!-- loginToMyStore4 -->
      </class> <!-- co.in.bymat.projectName.ModuleName.testCases.LoginToMyStore4 -->
      <class name="co.in.bymat.projectName.ModuleName.testCases.LoginToMyStore3">
        <test-method status="PASS" signature="testCaseName()[pri:0, instance:co.in.bymat.projectName.ModuleName.testCases.LoginToMyStore3@42dafa95]" name="testCaseName" is-config="true" duration-ms="1" started-at="2021-08-15T05:05:03Z" finished-at="2021-08-15T05:05:03Z">
          <reporter-output>
          </reporter-output>
        </test-method> <!-- testCaseName -->
        <test-method status="PASS" signature="loginToMyStore3(java.util.Hashtable)[pri:0, instance:co.in.bymat.projectName.ModuleName.testCases.LoginToMyStore3@42dafa95]" name="loginToMyStore3" duration-ms="24002" started-at="2021-08-15T05:05:03Z" data-provider="data_Collection" finished-at="2021-08-15T05:05:27Z">
          <params>
            <param index="0">
              <value>
                <![CDATA[{Name=Siva, Page_Title=My Store, Email_ID=siva@gmail.com, Sr.No=1, Page_Text=CREATE AN ACCOUNT, City=HYD, ContactNo=1234567893}]]>
              </value>
            </param>
          </params>
          <reporter-output>
          </reporter-output>
        </test-method> <!-- loginToMyStore3 -->
      </class> <!-- co.in.bymat.projectName.ModuleName.testCases.LoginToMyStore3 -->
      <class name="co.in.bymat.projectName.ModuleName.testCases.LoginToMyStore6">
        <test-method status="PASS" signature="testCaseName()[pri:0, instance:co.in.bymat.projectName.ModuleName.testCases.LoginToMyStore6@59ec2012]" name="testCaseName" is-config="true" duration-ms="0" started-at="2021-08-15T05:06:26Z" finished-at="2021-08-15T05:06:26Z">
          <reporter-output>
          </reporter-output>
        </test-method> <!-- testCaseName -->
        <test-method status="PASS" signature="loginToMyStore6(java.util.Hashtable)[pri:0, instance:co.in.bymat.projectName.ModuleName.testCases.LoginToMyStore6@59ec2012]" name="loginToMyStore6" duration-ms="19916" started-at="2021-08-15T05:06:26Z" data-provider="data_Collection" finished-at="2021-08-15T05:06:46Z">
          <params>
            <param index="0">
              <value>
                <![CDATA[{Name=MadarTC6, Page_Title=My Store, Email_ID=Mandar@gmail.com, Sr.No=1, Page_Text=CREATE AN ACCOUNT, City=Pune, ContactNo=1234567893}]]>
              </value>
            </param>
          </params>
          <reporter-output>
          </reporter-output>
        </test-method> <!-- loginToMyStore6 -->
      </class> <!-- co.in.bymat.projectName.ModuleName.testCases.LoginToMyStore6 -->
      <class name="co.in.bymat.projectName.ModuleName.testCases.LoginToMyStore5">
        <test-method status="PASS" signature="testCaseName()[pri:0, instance:co.in.bymat.projectName.ModuleName.testCases.LoginToMyStore5@402a079c]" name="testCaseName" is-config="true" duration-ms="0" started-at="2021-08-15T05:06:02Z" finished-at="2021-08-15T05:06:02Z">
          <reporter-output>
          </reporter-output>
        </test-method> <!-- testCaseName -->
        <test-method status="FAIL" signature="loginToMyStore5(java.util.Hashtable)[pri:0, instance:co.in.bymat.projectName.ModuleName.testCases.LoginToMyStore5@402a079c]" name="loginToMyStore5" duration-ms="16492" started-at="2021-08-15T05:06:02Z" data-provider="data_Collection" finished-at="2021-08-15T05:06:19Z">
          <params>
            <param index="0">
              <value>
                <![CDATA[{Name=SivaTC5, Page_Title=My St, Email_ID=siva@gmail.com, Sr.No=1, Page_Text=CREATE AN ACCOUNT, City=HYD, ContactNo=1234567893}]]>
              </value>
            </param>
          </params>
          <exception class="java.lang.AssertionError">
            <message>
              <![CDATA[expected [My St] but found [My Store]]]>
            </message>
            <full-stacktrace>
              <![CDATA[java.lang.AssertionError: expected [My St] but found [My Store]
at org.testng.Assert.fail(Assert.java:96)
at org.testng.Assert.failNotEquals(Assert.java:776)
at org.testng.Assert.assertEqualsImpl(Assert.java:137)
at org.testng.Assert.assertEquals(Assert.java:118)
at org.testng.Assert.assertEquals(Assert.java:453)
at org.testng.Assert.assertEquals(Assert.java:463)
at co.in.bymat.projectName.ModuleName.pages.HomePage.createAnAccount(HomePage.java:16)
at co.in.bymat.projectName.ModuleName.testCases.LoginToMyStore5.loginToMyStore5(LoginToMyStore5.java:28)
at sun.reflect.NativeMethodAccessorImpl.invoke0(Native Method)
at sun.reflect.NativeMethodAccessorImpl.invoke(Unknown Source)
at sun.reflect.DelegatingMethodAccessorImpl.invoke(Unknown Source)
at java.lang.reflect.Method.invoke(Unknown Source)
at org.testng.internal.MethodInvocationHelper.invokeMethod(MethodInvocationHelper.java:124)
at org.testng.internal.Invoker.invokeMethod(Invoker.java:583)
at org.testng.internal.Invoker.invokeTestMethod(Invoker.java:719)
at org.testng.internal.Invoker.invokeTestMethods(Invoker.java:989)
at org.testng.internal.TestMethodWorker.invokeTestMethods(TestMethodWorker.java:125)
at org.testng.internal.TestMethodWorker.run(TestMethodWorker.java:109)
at org.testng.TestRunner.privateRun(TestRunner.java:648)
at org.testng.TestRunner.run(TestRunner.java:505)
at org.testng.SuiteRunner.runTest(SuiteRunner.java:455)
at org.testng.SuiteRunner.runSequentially(SuiteRunner.java:450)
at org.testng.SuiteRunner.privateRun(SuiteRunner.java:415)
at org.testng.SuiteRunner.run(SuiteRunner.java:364)
at org.testng.SuiteRunnerWorker.runSuite(SuiteRunnerWorker.java:52)
at org.testng.SuiteRunnerWorker.run(SuiteRunnerWorker.java:84)
at org.testng.TestNG.runSuitesSequentially(TestNG.java:1208)
at org.testng.TestNG.runSuitesLocally(TestNG.java:1137)
at org.testng.TestNG.runSuites(TestNG.java:1049)
at org.testng.TestNG.run(TestNG.java:1017)
at org.testng.remote.AbstractRemoteTestNG.run(AbstractRemoteTestNG.java:115)
at org.testng.remote.RemoteTestNG.initAndRun(RemoteTestNG.java:251)
at org.testng.remote.RemoteTestNG.main(RemoteTestNG.java:77)
]]>
            </full-stacktrace>
          </exception> <!-- java.lang.AssertionError -->
          <reporter-output>
          </reporter-output>
        </test-method> <!-- loginToMyStore5 -->
      </class> <!-- co.in.bymat.projectName.ModuleName.testCases.LoginToMyStore5 -->
      <class name="co.in.bymat.projectName.ModuleName.testCases.LoginToMyStore">
        <test-method status="PASS" signature="initialization()[pri:0, instance:co.in.bymat.projectName.ModuleName.testCases.LoginToMyStore@271053e1]" name="initialization" is-config="true" duration-ms="1116" started-at="2021-08-15T05:03:56Z" finished-at="2021-08-15T05:03:57Z">
          <reporter-output>
          </reporter-output>
        </test-method> <!-- initialization -->
        <test-method status="PASS" signature="testCaseName()[pri:0, instance:co.in.bymat.projectName.ModuleName.testCases.LoginToMyStore@271053e1]" name="testCaseName" is-config="true" duration-ms="0" started-at="2021-08-15T05:03:57Z" finished-at="2021-08-15T05:03:57Z">
          <reporter-output>
          </reporter-output>
        </test-method> <!-- testCaseName -->
        <test-method status="PASS" signature="loginToMyStore(java.util.Hashtable)[pri:0, instance:co.in.bymat.projectName.ModuleName.testCases.LoginToMyStore@271053e1]" name="loginToMyStore" duration-ms="26312" started-at="2021-08-15T05:03:57Z" data-provider="data_Collection" finished-at="2021-08-15T05:04:24Z">
          <params>
            <param index="0">
              <value>
                <![CDATA[{Name=Deepali, Page_Title=My Store, Email_ID=Deepali@gmail.com, Sr.No=1, Page_Text=CREATE AN ACCOUNT, City=Noida, ContactNo=98582345632}]]>
              </value>
            </param>
          </params>
          <reporter-output>
          </reporter-output>
        </test-method> <!-- loginToMyStore -->
        <test-method status="PASS" signature="endReport()[pri:0, instance:co.in.bymat.projectName.ModuleName.testCases.LoginToMyStore@271053e1]" name="endReport" is-config="true" duration-ms="530" started-at="2021-08-15T05:06:53Z" finished-at="2021-08-15T05:06:53Z">
          <reporter-output>
          </reporter-output>
        </test-method> <!-- endReport -->
      </class> <!-- co.in.bymat.projectName.ModuleName.testCases.LoginToMyStore -->
    </test> <!-- XYZ-functionality -->
  </suite> <!-- Regression -->
</testng-results>
